This is pdfTeX, Version 3.14159265-2.6-1.40.16 (TeX Live 2015/Arch Linux) (preloaded format=pdflatex 2015.10.6)  8 DEC 2015 09:01
entering extended mode
 restricted \write18 enabled.
 %&-line parsing enabled.
**Lign160.tex
(./Lign160.tex
LaTeX2e <2015/01/01>
Babel <3.9l> and hyphenation patterns for 79 languages loaded.
(/usr/share/texmf-dist/tex/latex/base/article.cls
Document Class: article 2014/09/29 v1.4h Standard LaTeX document class
(/usr/share/texmf-dist/tex/latex/base/size11.clo
File: size11.clo 2014/09/29 v1.4h Standard LaTeX file (size option)
)
\c@part=\count79
\c@section=\count80
\c@subsection=\count81
\c@subsubsection=\count82
\c@paragraph=\count83
\c@subparagraph=\count84
\c@figure=\count85
\c@table=\count86
\abovecaptionskip=\skip41
\belowcaptionskip=\skip42
\bibindent=\dimen102
)
(/usr/share/texmf-dist/tex/latex/gb4e/gb4e.sty
(/usr/share/texmf-dist/tex/latex/gb4e/cgloss4e.sty
\lineone=\box26
\linetwo=\box27
\linethree=\box28
\wordone=\box29
\wordtwo=\box30
\wordthree=\box31
\gline=\box32
\glossglue=\skip43
)
\c@fnx=\count87
\@xnumdepth=\count88
\c@xnumi=\count89
\c@xnumii=\count90
\c@xnumiii=\count91
\c@xnumiv=\count92
\c@exx=\count93
\c@rxnumi=\count94
\c@rxnumii=\count95
\c@rxnumiii=\count96
\c@rxnumiv=\count97
\lcommentsep=\skip44
) (./Lign160.aux)
\openout1 = `Lign160.aux'.

LaTeX Font Info:    Checking defaults for OML/cmm/m/it on input line 7.
LaTeX Font Info:    ... okay on input line 7.
LaTeX Font Info:    Checking defaults for T1/cmr/m/n on input line 7.
LaTeX Font Info:    ... okay on input line 7.
LaTeX Font Info:    Checking defaults for OT1/cmr/m/n on input line 7.
LaTeX Font Info:    ... okay on input line 7.
LaTeX Font Info:    Checking defaults for OMS/cmsy/m/n on input line 7.
LaTeX Font Info:    ... okay on input line 7.
LaTeX Font Info:    Checking defaults for OMX/cmex/m/n on input line 7.
LaTeX Font Info:    ... okay on input line 7.
LaTeX Font Info:    Checking defaults for U/cmr/m/n on input line 7.
LaTeX Font Info:    ... okay on input line 7.
LaTeX Font Info:    External font `cmex10' loaded for size
(Font)              <12> on input line 8.
LaTeX Font Info:    External font `cmex10' loaded for size
(Font)              <8> on input line 8.
LaTeX Font Info:    External font `cmex10' loaded for size
(Font)              <6> on input line 8.
 [1

{/var/lib/texmf/fonts/map/pdftex/updmap/pdftex.map}]
LaTeX Font Info:    External font `cmex10' loaded for size
(Font)              <10.95> on input line 44.
 [2] [3]
Underfull \hbox (badness 5217) in paragraph at lines 140--141
[]\OT1/cmr/m/n/10.95 Unknown to lis-tener,
 []


Underfull \hbox (badness 10000) in paragraph at lines 144--145
[]\OT1/cmr/m/n/10.95 Known and highly
 []


Overfull \hbox (7.89879pt too wide) in paragraph at lines 132--146
[] 
 []

[4] [5] [6]
Underfull \hbox (badness 10000) in paragraph at lines 227--237

 []


Underfull \hbox (badness 10000) in paragraph at lines 227--237

 []

[7] [8] [9] [10] [11] [12] [13] (./Lign160.aux) ) 
Here is how much of TeX's memory you used:
 421 strings out of 493089
 4073 string characters out of 6140694
 59229 words of memory out of 5000000
 3972 multiletter control sequences out of 15000+600000
 9381 words of font info for 33 fonts, out of 8000000 for 9000
 1141 hyphenation exceptions out of 8191
 21i,8n,19p,148b,187s stack positions out of 5000i,500n,10000p,200000b,80000s
</usr/share/texmf-dist/fonts/t
ype1/public/amsfonts/cm/cmbx10.pfb></usr/share/texmf-dist/fonts/type1/public/am
sfonts/cm/cmbx12.pfb></usr/share/texmf-dist/fonts/type1/public/amsfonts/cm/cmmi
10.pfb></usr/share/texmf-dist/fonts/type1/public/amsfonts/cm/cmmi8.pfb></usr/sh
are/texmf-dist/fonts/type1/public/amsfonts/cm/cmr10.pfb></usr/share/texmf-dist/
fonts/type1/public/amsfonts/cm/cmr12.pfb></usr/share/texmf-dist/fonts/type1/pub
lic/amsfonts/cm/cmr17.pfb></usr/share/texmf-dist/fonts/type1/public/amsfonts/cm
/cmr8.pfb></usr/share/texmf-dist/fonts/type1/public/amsfonts/cm/cmsy10.pfb></us
r/share/texmf-dist/fonts/type1/public/amsfonts/cm/cmti10.pfb>
Output written on Lign160.pdf (13 pages, 156487 bytes).
PDF statistics:
 87 PDF objects out of 1000 (max. 8388607)
 61 compressed objects within 1 object stream
 0 named destinations out of 1000 (max. 500000)
 1 words of extra memory for PDF output out of 10000 (max. 10000000)

